<?xml version="1.0" encoding="UTF-8"?>
<!-- Generated by org.testng.reporters.JUnitReportReporter -->
<testsuite skipped="0" hostname="Sachin-Sharma" name="com.qa.trcrm.tests.HomePageTest" tests="3" failures="0" timestamp="21 Mar 2023 10:11:15 GMT" time="0.938" errors="0">
  <testcase name="verifyHomePageTitleTest" time="0.194" classname="com.qa.trcrm.tests.HomePageTest"/>
  <testcase name="verifyHomePageHeaderTest" time="0.660" classname="com.qa.trcrm.tests.HomePageTest"/>
  <testcase name="verifyLoggedInUserTest" time="0.084" classname="com.qa.trcrm.tests.HomePageTest"/>
</testsuite> <!-- com.qa.trcrm.tests.HomePageTest -->
