<?xml version="1.0" encoding="UTF-8"?>
<!-- Generated by org.testng.reporters.JUnitReportReporter -->
<testsuite skipped="1" hostname="Sachin-Sharma" name="com.qa.trcrm.tests.LoginPageTest" tests="4" failures="0" timestamp="21 Mar 2023 10:11:15 GMT" time="24.933" errors="0">
  <testcase name="verifyLoginPageTitleTest" time="0.099" classname="com.qa.trcrm.tests.LoginPageTest"/>
  <testcase name="verifySignUpNowLinkTest" time="0.180" classname="com.qa.trcrm.tests.LoginPageTest"/>
  <testcase name="loginTest" time="24.654" classname="com.qa.trcrm.tests.LoginPageTest"/>
  <testcase name="login_InvalidTestCases" classname="com.qa.trcrm.tests.LoginPageTest">
    <skipped/>
  </testcase> <!-- login_InvalidTestCases -->
</testsuite> <!-- com.qa.trcrm.tests.LoginPageTest -->
