<?xml version="1.0" encoding="UTF-8"?>
<!-- Generated by org.testng.reporters.JUnitReportReporter -->
<testsuite skipped="0" hostname="Sachin-Sharma" name="March2023POMSeries.March2023POMSeries.AppTest" tests="1" failures="0" timestamp="21 Mar 2023 10:11:15 GMT" time="0.013" errors="0">
  <testcase name="shouldAnswerWithTrue" time="0.013" classname="March2023POMSeries.March2023POMSeries.AppTest"/>
</testsuite> <!-- March2023POMSeries.March2023POMSeries.AppTest -->
