<?xml version="1.0" encoding="UTF-8"?>
<!-- Generated by org.testng.reporters.JUnitReportReporter -->
<testsuite skipped="0" hostname="Sachin-Sharma" name="com.qa.trcrm.tests.HomePageTest2" tests="3" failures="0" timestamp="20 Mar 2023 18:46:47 GMT" time="0.125" errors="0">
  <testcase name="verifyHomePageTitleTest" time="0.017" classname="com.qa.trcrm.tests.HomePageTest2"/>
  <testcase name="verifyHomePageHeaderTest" time="0.082" classname="com.qa.trcrm.tests.HomePageTest2"/>
  <testcase name="verifyLoggedInUserTest" time="0.026" classname="com.qa.trcrm.tests.HomePageTest2"/>
</testsuite> <!-- com.qa.trcrm.tests.HomePageTest2 -->
