<?xml version="1.0" encoding="UTF-8"?>
<!-- Generated by org.testng.reporters.JUnitReportReporter -->
<testsuite skipped="0" hostname="Sachin-Sharma" name="com.qa.trcrm.tests.LoginPageTest2" tests="3" failures="0" timestamp="20 Mar 2023 18:46:47 GMT" time="12.722" errors="0">
  <testcase name="verifyLoginPageTitleTest" time="0.072" classname="com.qa.trcrm.tests.LoginPageTest2"/>
  <testcase name="verifySignUpNowLinkTest" time="0.214" classname="com.qa.trcrm.tests.LoginPageTest2"/>
  <testcase name="loginTest" time="12.436" classname="com.qa.trcrm.tests.LoginPageTest2"/>
</testsuite> <!-- com.qa.trcrm.tests.LoginPageTest2 -->
