<?xml version="1.0" encoding="UTF-8"?>
<!-- Generated by org.testng.reporters.JUnitReportReporter -->
<testsuite skipped="0" hostname="Sachin-Sharma" name="com.qa.trcrm.tests.HomePageTest" tests="3" failures="0" timestamp="22 Mar 2023 18:44:04 GMT" time="8.221" errors="0">
  <testcase name="verifyHomePageTitleTest" time="0.042" classname="com.qa.trcrm.tests.HomePageTest"/>
  <testcase name="verifyHomePageHeaderTest" time="5.481" classname="com.qa.trcrm.tests.HomePageTest"/>
  <testcase name="verifyLoggedInUserTest" time="2.698" classname="com.qa.trcrm.tests.HomePageTest"/>
</testsuite> <!-- com.qa.trcrm.tests.HomePageTest -->
