<?xml version="1.0" encoding="UTF-8"?>
<!-- Generated by org.testng.reporters.JUnitReportReporter -->
<testsuite skipped="0" hostname="Sachin-Sharma" name="com.qa.trcrm.tests.HomePageTest" tests="3" failures="0" timestamp="22 Mar 2023 17:38:16 GMT" time="13.236" errors="0">
  <testcase name="verifyHomePageTitleTest" time="0.032" classname="com.qa.trcrm.tests.HomePageTest"/>
  <testcase name="verifyHomePageHeaderTest" time="4.548" classname="com.qa.trcrm.tests.HomePageTest"/>
  <testcase name="verifyLoggedInUserTest" time="8.656" classname="com.qa.trcrm.tests.HomePageTest"/>
</testsuite> <!-- com.qa.trcrm.tests.HomePageTest -->
